Base path: 'C:/Program Files/Unity/Hub/Editor/2020.3.17f1/Editor/Data', plugins path 'C:/Program Files/Unity/Hub/Editor/2020.3.17f1/Editor/Data/PlaybackEngines'
Cmd: initializeCompiler

Cmd: preprocess
 insize=1707 file=Assets/Test Project/NewSurfaceShader.shader surfaceOnly=0 cachingPP=1 buildPlatform=13 pKW=UNITY_NO_DXT5nm UNITY_ENABLE_REFLECTION_BUFFERS UNITY_NO_CUBEMAP_ARRAY UNITY_NO_SCREENSPACE_SHADOWS UNITY_PBS_USE_BRDF3 UNITY_NO_FULL_STANDARD_SHADER UNITY_LIGHTMAP_DLDR_ENCODING dKW=UNITY_ENABLE_NATIVE_SHADOW_LOOKUPS UNITY_METAL_SHADOWS_USE_POINT_FILTERING UNITY_USE_DITHER_MASK_FOR_ALPHABLENDED_SHADOWS UNITY_PBS_USE_BRDF1 UNITY_PBS_USE_BRDF2 UNITY_SPECCUBE_BOX_PROJECTION UNITY_SPECCUBE_BLENDING UNITY_ENABLE_DETAIL_NORMALMAP UNITY_HARDWARE_TIER1 UNITY_HARDWARE_TIER2 UNITY_HARDWARE_TIER3 UNITY_COLORSPACE_GAMMA UNITY_LIGHT_PROBE_PROXY_VOLUME UNITY_HALF_PRECISION_FRAGMENT_SHADER_REGISTERS UNITY_LIGHTMAP_RGBM_ENCODING UNITY_LIGHTMAP_FULL_HDR UNITY_VIRTUAL_TEXTURING UNITY_PRETRANSFORM_TO_DISPLAY_ORIENTATION UNITY_ASTC_NORMALMAP_ENCODING SHADER_API_GLES30 ok=1 outsize=1236

Cmd: preprocess
 insize=1707 file=Assets/Test Project/NewSurfaceShader.shader surfaceOnly=1 cachingPP=1 buildPlatform=-2 pKW= dKW= ok=1 outsize=52776

Cmd: preprocess
 insize=985144 file=Assets/Test Project/Skybox_Procedural.shader surfaceOnly=0 cachingPP=1 buildPlatform=13 pKW=UNITY_NO_DXT5nm UNITY_ENABLE_REFLECTION_BUFFERS UNITY_NO_CUBEMAP_ARRAY UNITY_NO_SCREENSPACE_SHADOWS UNITY_PBS_USE_BRDF3 UNITY_NO_FULL_STANDARD_SHADER UNITY_LIGHTMAP_DLDR_ENCODING dKW=UNITY_ENABLE_NATIVE_SHADOW_LOOKUPS UNITY_METAL_SHADOWS_USE_POINT_FILTERING UNITY_USE_DITHER_MASK_FOR_ALPHABLENDED_SHADOWS UNITY_PBS_USE_BRDF1 UNITY_PBS_USE_BRDF2 UNITY_SPECCUBE_BOX_PROJECTION UNITY_SPECCUBE_BLENDING UNITY_ENABLE_DETAIL_NORMALMAP UNITY_HARDWARE_TIER1 UNITY_HARDWARE_TIER2 UNITY_HARDWARE_TIER3 UNITY_COLORSPACE_GAMMA UNITY_LIGHT_PROBE_PROXY_VOLUME UNITY_HALF_PRECISION_FRAGMENT_SHADER_REGISTERS UNITY_LIGHTMAP_RGBM_ENCODING UNITY_LIGHTMAP_FULL_HDR UNITY_VIRTUAL_TEXTURING UNITY_PRETRANSFORM_TO_DISPLAY_ORIENTATION UNITY_ASTC_NORMALMAP_ENCODING SHADER_API_GLES30 ok=1 outsize=985144

Cmd: preprocess
 insize=1707 file=Assets/Test Project/NewSurfaceShader.shader surfaceOnly=1 cachingPP=1 buildPlatform=-2 pKW= dKW= ok=1 outsize=52776

Cmd: disassembleShader
 name=Custom/NewSurfaceShader platform=gles3 type=4 mask=6 insize=6664 outsize=6664 ok=1

Cmd: disassembleShader
 name=Custom/NewSurfaceShader platform=vulkan type=25 mask=6 insize=3809 outsize=38886 ok=1

Cmd: disassembleShader
 name=Custom/NewSurfaceShader platform=gles3 type=4 mask=6 insize=6049 outsize=6049 ok=1

Cmd: disassembleShader
 name=Custom/NewSurfaceShader platform=gles3 type=4 mask=6 insize=7579 outsize=7579 ok=1

Cmd: disassembleShader
 name=Custom/NewSurfaceShader platform=vulkan type=25 mask=6 insize=3756 outsize=35578 ok=1

Cmd: disassembleShader
 name=Custom/NewSurfaceShader platform=vulkan type=25 mask=6 insize=4656 outsize=44818 ok=1

Cmd: disassembleShader
 name=Custom/NewSurfaceShader platform=gles3 type=4 mask=6 insize=3736 outsize=3736 ok=1

Cmd: disassembleShader
 name=Custom/NewSurfaceShader platform=gles3 type=4 mask=6 insize=6664 outsize=6664 ok=1

Cmd: disassembleShader
 name=Custom/NewSurfaceShader platform=vulkan type=25 mask=6 insize=3809 outsize=38886 ok=1

Cmd: disassembleShader
 name=Custom/NewSurfaceShader platform=vulkan type=25 mask=6 insize=6313 outsize=64042 ok=1

Cmd: disassembleShader
 name=Custom/NewSurfaceShader platform=gles3 type=4 mask=6 insize=6049 outsize=6049 ok=1

Cmd: disassembleShader
 name=Custom/NewSurfaceShader platform=gles3 type=4 mask=6 insize=7882 outsize=7882 ok=1

Cmd: disassembleShader
 name=Custom/NewSurfaceShader platform=vulkan type=25 mask=6 insize=3447 outsize=32847 ok=1

Cmd: disassembleShader
 name=Custom/NewSurfaceShader platform=vulkan type=25 mask=6 insize=5071 outsize=48551 ok=1

Cmd: disassembleShader
 name=Custom/NewSurfaceShader platform=gles3 type=4 mask=6 insize=3736 outsize=3736 ok=1

Cmd: disassembleShader
 name=Custom/NewSurfaceShader platform=gles3 type=4 mask=6 insize=6664 outsize=6664 ok=1

Cmd: disassembleShader
 name=Custom/NewSurfaceShader platform=vulkan type=25 mask=6 insize=3809 outsize=38886 ok=1

Cmd: disassembleShader
 name=Custom/NewSurfaceShader platform=gles3 type=4 mask=6 insize=6049 outsize=6049 ok=1

Cmd: disassembleShader
 name=Custom/NewSurfaceShader platform=gles3 type=4 mask=6 insize=7882 outsize=7882 ok=1

Cmd: disassembleShader
 name=Custom/NewSurfaceShader platform=vulkan type=25 mask=6 insize=3447 outsize=32847 ok=1

Cmd: disassembleShader
 name=Custom/NewSurfaceShader platform=vulkan type=25 mask=6 insize=5071 outsize=48551 ok=1

Cmd: disassembleShader
 name=Custom/NewSurfaceShader platform=gles3 type=4 mask=6 insize=3736 outsize=3736 ok=1

Cmd: preprocess
 insize=1707 file=Assets/Test Project/NewSurfaceShader.shader surfaceOnly=0 cachingPP=1 buildPlatform=13 pKW=UNITY_NO_DXT5nm UNITY_ENABLE_REFLECTION_BUFFERS UNITY_NO_CUBEMAP_ARRAY UNITY_NO_SCREENSPACE_SHADOWS UNITY_PBS_USE_BRDF3 UNITY_NO_FULL_STANDARD_SHADER UNITY_LIGHTMAP_DLDR_ENCODING dKW=UNITY_ENABLE_NATIVE_SHADOW_LOOKUPS UNITY_METAL_SHADOWS_USE_POINT_FILTERING UNITY_USE_DITHER_MASK_FOR_ALPHABLENDED_SHADOWS UNITY_PBS_USE_BRDF1 UNITY_PBS_USE_BRDF2 UNITY_SPECCUBE_BOX_PROJECTION UNITY_SPECCUBE_BLENDING UNITY_ENABLE_DETAIL_NORMALMAP UNITY_HARDWARE_TIER1 UNITY_HARDWARE_TIER2 UNITY_HARDWARE_TIER3 UNITY_COLORSPACE_GAMMA UNITY_LIGHT_PROBE_PROXY_VOLUME UNITY_HALF_PRECISION_FRAGMENT_SHADER_REGISTERS UNITY_LIGHTMAP_RGBM_ENCODING UNITY_LIGHTMAP_FULL_HDR UNITY_VIRTUAL_TEXTURING UNITY_PRETRANSFORM_TO_DISPLAY_ORIENTATION UNITY_ASTC_NORMALMAP_ENCODING SHADER_API_GLES30 ok=1 outsize=1236

Cmd: disassembleShader
 name=Custom/NewSurfaceShader platform=gles3 type=4 mask=6 insize=6664 outsize=6664 ok=1

Cmd: disassembleShader
 name=Custom/NewSurfaceShader platform=vulkan type=25 mask=6 insize=3809 outsize=38886 ok=1

Cmd: disassembleShader
 name=Custom/NewSurfaceShader platform=gles3 type=4 mask=6 insize=6049 outsize=6049 ok=1

Cmd: disassembleShader
 name=Custom/NewSurfaceShader platform=gles3 type=4 mask=6 insize=7882 outsize=7882 ok=1

Cmd: disassembleShader
 name=Custom/NewSurfaceShader platform=vulkan type=25 mask=6 insize=3447 outsize=32847 ok=1

Cmd: disassembleShader
 name=Custom/NewSurfaceShader platform=vulkan type=25 mask=6 insize=5071 outsize=48551 ok=1

Cmd: disassembleShader
 name=Custom/NewSurfaceShader platform=gles3 type=4 mask=6 insize=3736 outsize=3736 ok=1

Cmd: shutdown

Quitting shader compiler process
