Base path: 'C:/Program Files/Unity/Hub/Editor/2020.3.17f1/Editor/Data', plugins path 'C:/Program Files/Unity/Hub/Editor/2020.3.17f1/Editor/Data/PlaybackEngines'
Cmd: initializeCompiler

Cmd: disassembleShader
 name=Custom/NewSurfaceShader platform=gles3 type=4 mask=6 insize=8363 outsize=8363 ok=1

Cmd: disassembleShader
 name=Custom/NewSurfaceShader platform=vulkan type=25 mask=6 insize=4696 outsize=47607 ok=1

Cmd: disassembleShader
 name=Custom/NewSurfaceShader platform=gles3 type=4 mask=6 insize=6570 outsize=6570 ok=1

Cmd: disassembleShader
 name=Custom/NewSurfaceShader platform=vulkan type=25 mask=6 insize=2746 outsize=26769 ok=1

Cmd: disassembleShader
 name=Custom/NewSurfaceShader platform=vulkan type=25 mask=6 insize=4544 outsize=43529 ok=1

Cmd: disassembleShader
 name=Custom/NewSurfaceShader platform=vulkan type=25 mask=6 insize=2155 outsize=20792 ok=1

Cmd: disassembleShader
 name=Custom/NewSurfaceShader platform=gles3 type=4 mask=6 insize=9199 outsize=9199 ok=1

Cmd: disassembleShader
 name=Custom/NewSurfaceShader platform=vulkan type=25 mask=6 insize=5444 outsize=55065 ok=1

Cmd: disassembleShader
 name=Custom/NewSurfaceShader platform=gles3 type=4 mask=6 insize=8230 outsize=8230 ok=1

Cmd: disassembleShader
 name=Custom/NewSurfaceShader platform=vulkan type=25 mask=6 insize=3631 outsize=34364 ok=1

Cmd: disassembleShader
 name=Custom/NewSurfaceShader platform=vulkan type=25 mask=6 insize=4544 outsize=43529 ok=1

Cmd: disassembleShader
 name=Custom/NewSurfaceShader platform=vulkan type=25 mask=6 insize=2155 outsize=20792 ok=1

Cmd: disassembleShader
 name=Custom/NewSurfaceShader platform=gles3 type=4 mask=6 insize=10942 outsize=10942 ok=1

Cmd: disassembleShader
 name=Custom/NewSurfaceShader platform=vulkan type=25 mask=6 insize=6313 outsize=64042 ok=1

Cmd: disassembleShader
 name=Custom/NewSurfaceShader platform=gles3 type=4 mask=6 insize=6220 outsize=6220 ok=1

Cmd: disassembleShader
 name=Custom/NewSurfaceShader platform=gles3 type=4 mask=6 insize=8060 outsize=8060 ok=1

Cmd: disassembleShader
 name=Custom/NewSurfaceShader platform=vulkan type=25 mask=6 insize=5252 outsize=50325 ok=1

Cmd: disassembleShader
 name=Custom/NewSurfaceShader platform=gles3 type=4 mask=6 insize=3736 outsize=3736 ok=1

Cmd: disassembleShader
 name=Custom/NewSurfaceShader platform=gles3 type=4 mask=6 insize=8363 outsize=8363 ok=1

Cmd: disassembleShader
 name=Custom/NewSurfaceShader platform=vulkan type=25 mask=6 insize=4696 outsize=47607 ok=1

Cmd: disassembleShader
 name=Custom/NewSurfaceShader platform=gles3 type=4 mask=6 insize=8894 outsize=8894 ok=1

Cmd: disassembleShader
 name=Custom/NewSurfaceShader platform=vulkan type=25 mask=6 insize=3694 outsize=35245 ok=1

Cmd: disassembleShader
 name=Custom/NewSurfaceShader platform=vulkan type=25 mask=6 insize=4970 outsize=47580 ok=1

Cmd: disassembleShader
 name=Custom/NewSurfaceShader platform=vulkan type=25 mask=6 insize=2163 outsize=20836 ok=1

Cmd: shutdown

Quitting shader compiler process
